<?xml version="1.0" encoding="UTF-8"?>
<!-- Generated by org.testng.reporters.JUnitReportReporter -->
<testsuite hostname="HarshAgarwal-FVFHG5HGQ05D" failures="0" tests="1" name="com.browserstack.RemoteDriverTest" time="0.000" errors="0" timestamp="2023-05-13T18:19:53 IST" skipped="1">
  <testcase classname="com.browserstack.RemoteDriverTest" name="localdriverTest" time="0.000">
    <skipped/>
  </testcase> <!-- localdriverTest -->
  <system-out/>
</testsuite> <!-- com.browserstack.RemoteDriverTest -->
